<beans xmlns="http://www.springframework.org/schema/beans"
       xmlns:xsi="http://www.w3.org/2001/XMLSchema-instance"
       xmlns:context="http://www.springframework.org/schema/context"
       xmlns:tx="http://www.springframework.org/schema/tx"
       xmlns:mvc="http://www.springframework.org/schema/mvc"
       xmlns:sec="http://www.springframework.org/schema/security"
       xsi:schemaLocation="http://www.springframework.org/schema/beans
        http://www.springframework.org/schema/beans/spring-beans.xsd
        http://www.springframework.org/schema/tx http://www.springframework.org/schema/tx/spring-tx-2.0.xsd
        http://www.springframework.org/schema/context http://www.springframework.org/schema/context/spring-context.xsd
        http://www.springframework.org/schema/mvc http://www.springframework.org/schema/mvc/spring-mvc-3.2.xsd
        http://www.springframework.org/schema/security http://www.springframework.org/schema/security/spring-security-3.1.xsd">



    <context:component-scan base-package="com.test.project"/>




    <tx:annotation-driven/>
    <mvc:annotation-driven/>

    <!--JPA-->
    <bean id = "transactionManager" class = "org.springframework.orm.hibernate4.HibernateTransactionManager">
        <property name = "sessionFactory" ref = "sessionFactory" />
    </bean>



    <!-- BoneCP configuration -->
    <bean id="dataSource" class="com.jolbox.bonecp.BoneCPDataSource" destroy-method="close">
        <property name="driverClass" value="org.h2.Driver" />
        <property name="jdbcUrl" value="jdbc:h2:tcp://localhost/~/testBase" />
        <property name="username" value="sa"/>
        <property name="password" value=""/>
        <property name="maxConnectionsPerPartition" value="10"/>
        <property name="minConnectionsPerPartition" value="3"/>
        <property name="partitionCount" value="2"/>
        <property name="acquireIncrement" value="5"/>
        <property name="statementsCacheSize" value="100"/>
        <property name="connectionTestStatement" value="select 1"/>
    </bean>

    <bean id="sessionFactory" class="org.springframework.orm.hibernate4.LocalSessionFactoryBean">
        <property name="packagesToScan" value="com.test.project.domain"/>
        <property name="dataSource" ref="dataSource"/>
        <property name="hibernateProperties">
            <props>
                <prop key="hibernate.show_sql">true</prop>
                <prop key="hibernate.dialect">org.hibernate.dialect.H2Dialect</prop>
                <prop key="hibernate.hbm2ddl.auto">create</prop>
                <prop key="hibernate.id.new_generator_mappings">true</prop>
            </props>
        </property>
    </bean>


</beans>